<?xml version="1.0" encoding="UTF-8"?>
<!-- Generated by org.testng.reporters.JUnitReportReporter -->
<testsuite hostname="DESKTOP-6USQ61I" failures="0" tests="1" name="com.inetBanking.testCases.TC_LoginTest_001" time="8.201" errors="0" timestamp="2023-12-28T14:04:23 IST" skipped="0">
  <testcase classname="com.inetBanking.testCases.TC_LoginTest_001" name="loginTest" time="8.201"/>
</testsuite> <!-- com.inetBanking.testCases.TC_LoginTest_001 -->
